#
# There is insufficient memory for the Java Runtime Environment to continue.
# Native memory allocation (malloc) failed to allocate 1856528 bytes for Chunk::new
# Possible reasons:
#   The system is out of physical RAM or swap space
#   The process is running with CompressedOops enabled, and the Java Heap may be blocking the growth of the native heap
# Possible solutions:
#   Reduce memory load on the system
#   Increase physical memory or swap space
#   Check if swap backing store is full
#   Decrease Java heap size (-Xmx/-Xms)
#   Decrease number of Java threads
#   Decrease Java thread stack sizes (-Xss)
#   Set larger code cache with -XX:ReservedCodeCacheSize=
#   JVM is running with Unscaled Compressed Oops mode in which the Java heap is
#     placed in the first 4GB address space. The Java Heap base address is the
#     maximum limit for the native heap growth. Please use -XX:HeapBaseMinAddress
#     to set the Java Heap base and to place the Java Heap above 4GB virtual address.
# This output file may be truncated or incomplete.
#
#  Out of Memory Error (allocation.cpp:390), pid=19496, tid=0x00000000000027fc
#
# JRE version: Java(TM) SE Runtime Environment (8.0_192-b12) (build 1.8.0_192-b12)
# Java VM: Java HotSpot(TM) 64-Bit Server VM (25.192-b12 mixed mode windows-amd64 compressed oops)
# Failed to write core dump. Minidumps are not enabled by default on client versions of Windows
#

---------------  T H R E A D  ---------------

Current thread (0x00000000177a4800):  JavaThread "C2 CompilerThread1" daemon [_thread_in_native, id=10236, stack(0x00000000192b0000,0x00000000193b0000)]

Stack: [0x00000000192b0000,0x00000000193b0000]
[error occurred during error reporting (printing stack bounds), id 0xc0000005]

Native frames: (J=compiled Java code, j=interpreted, Vv=VM code, C=native code)


Current CompileTask:
C2:   3683 2590   !   4       java.net.URLClassLoader$1::run (63 bytes)


---------------  P R O C E S S  ---------------

Java Threads: ( => current thread )
  0x000000001c659000 JavaThread "C3P0PooledConnectionPoolManager[identityToken->1hgf7y9a21hdisqzpzlfgq|2eae8e6e]-HelperThread-#2" daemon [_thread_blocked, id=12732, stack(0x000000001e3d0000,0x000000001e4d0000)]
  0x000000001c78c000 JavaThread "C3P0PooledConnectionPoolManager[identityToken->1hgf7y9a21hdisqzpzlfgq|2eae8e6e]-HelperThread-#1" daemon [_thread_in_vm, id=22364, stack(0x000000001e2d0000,0x000000001e3d0000)]
  0x000000001c907800 JavaThread "C3P0PooledConnectionPoolManager[identityToken->1hgf7y9a21hdisqzpzlfgq|2eae8e6e]-HelperThread-#0" daemon [_thread_blocked, id=21620, stack(0x000000001e1d0000,0x000000001e2d0000)]
  0x000000001caea800 JavaThread "C3P0PooledConnectionPoolManager[identityToken->1hgf7y9a21hdisqzpzlfgq|2eae8e6e]-AdminTaskTimer" daemon [_thread_blocked, id=19692, stack(0x000000001e0d0000,0x000000001e1d0000)]
  0x000000001a601000 JavaThread "Abandoned connection cleanup thread" daemon [_thread_blocked, id=1924, stack(0x000000001b830000,0x000000001b930000)]
  0x0000000018b86800 JavaThread "Service Thread" daemon [_thread_blocked, id=10900, stack(0x00000000194b0000,0x00000000195b0000)]
  0x00000000177a5800 JavaThread "C1 CompilerThread2" daemon [_thread_blocked, id=15288, stack(0x00000000193b0000,0x00000000194b0000)]
=>0x00000000177a4800 JavaThread "C2 CompilerThread1" daemon [_thread_in_native, id=10236, stack(0x00000000192b0000,0x00000000193b0000)]
  0x00000000177a1800 JavaThread "C2 CompilerThread0" daemon [_thread_in_native, id=12284, stack(0x00000000191b0000,0x00000000192b0000)]
  0x0000000017795800 JavaThread "Monitor Ctrl-Break" daemon [_thread_in_native, id=6676, stack(0x00000000190b0000,0x00000000191b0000)]
  0x0000000018af3800 JavaThread "Attach Listener" daemon [_thread_blocked, id=17072, stack(0x0000000018fb0000,0x00000000190b0000)]
  0x0000000017773000 JavaThread "Signal Dispatcher" daemon [_thread_blocked, id=11052, stack(0x0000000018eb0000,0x0000000018fb0000)]
  0x0000000002c1e000 JavaThread "Finalizer" daemon [_thread_blocked, id=12304, stack(0x00000000189b0000,0x0000000018ab0000)]
  0x0000000002c15000 JavaThread "Reference Handler" daemon [_thread_blocked, id=11340, stack(0x00000000188b0000,0x00000000189b0000)]
  0x0000000002b24800 JavaThread "main" [_thread_blocked, id=19904, stack(0x0000000002830000,0x0000000002930000)]

Other Threads:
  0x0000000017727800 VMThread [stack: 0x00000000187b0000,0x00000000188b0000] [id=9800]
  0x0000000018b8d800 WatcherThread [stack: 0x00000000195b0000,0x00000000196b0000] [id=13484]

VM state:not at safepoint (normal execution)

VM Mutex/Monitor currently owned by a thread: None

heap address: 0x0000000081a00000, size: 2022 MB, Compressed Oops mode: 32-bit
Narrow klass base: 0x0000000000000000, Narrow klass shift: 3
Compressed class space size: 1073741824 Address: 0x0000000100000000

Heap:
 PSYoungGen      total 71680K, used 19286K [0x00000000d5e00000, 0x00000000da900000, 0x0000000100000000)
  eden space 66560K, 21% used [0x00000000d5e00000,0x00000000d6bd6630,0x00000000d9f00000)
  from space 5120K, 99% used [0x00000000da400000,0x00000000da8ff510,0x00000000da900000)
  to   space 5120K, 0% used [0x00000000d9f00000,0x00000000d9f00000,0x00000000da400000)
 ParOldGen       total 52224K, used 11042K [0x0000000081a00000, 0x0000000084d00000, 0x00000000d5e00000)
  object space 52224K, 21% used [0x0000000081a00000,0x00000000824c8880,0x0000000084d00000)
 Metaspace       used 29173K, capacity 29486K, committed 29824K, reserved 1075200K
  class space    used 3548K, capacity 3627K, committed 3712K, reserved 1048576K

Card table byte_map: [0x0000000011fe0000,0x00000000123e0000] byte_map_base: 0x0000000011bd3000

Marking Bits: (ParMarkBitMap*) 0x000000005f0e3ce0
 Begin Bits: [0x0000000012a90000, 0x0000000014a28000)
 End Bits:   [0x0000000014a28000, 0x00000000169c0000)

Polling page: 0x0000000000660000

CodeCache: size=245760Kb used=10095Kb max_used=10095Kb free=235664Kb
 bounds [0x0000000002c20000, 0x0000000003610000, 0x0000000011c20000]
 total_blobs=3229 nmethods=2763 adapters=378
 compilation: enabled

Compilation events (10 events):
Event: 3.655 Thread 0x00000000177a5800 2768       3       jdk.internal.org.objectweb.asm.Label::<init> (5 bytes)
Event: 3.655 Thread 0x00000000177a5800 nmethod 2768 0x00000000035fe310 code [0x00000000035fe460, 0x00000000035fe610]
Event: 3.669 Thread 0x00000000177a5800 2769  s    3       java.util.Properties::setProperty (7 bytes)
Event: 3.669 Thread 0x00000000177a5800 nmethod 2769 0x00000000035fe910 code [0x00000000035fea80, 0x00000000035fede8]
Event: 3.669 Thread 0x00000000177a5800 2770       3       com.mysql.cj.conf.AbstractReadableProperty::getStringValue (17 bytes)
Event: 3.669 Thread 0x00000000177a5800 nmethod 2770 0x00000000035feed0 code [0x00000000035ff040, 0x00000000035ff2a8]
Event: 3.670 Thread 0x00000000177a5800 2771       3       java.lang.Boolean::toString (15 bytes)
Event: 3.670 Thread 0x00000000177a5800 nmethod 2771 0x00000000035ff350 code [0x00000000035ff4c0, 0x00000000035ff690]
Event: 3.670 Thread 0x00000000177a5800 2772       3       java.util.Hashtable::rehash (142 bytes)
Event: 3.670 Thread 0x00000000177a5800 nmethod 2772 0x00000000035ff710 code [0x00000000035ff8e0, 0x00000000035fff28]

GC Heap History (10 events):
Event: 2.175 GC heap before
{Heap before GC invocations=3 (full 0):
 PSYoungGen      total 38400K, used 38394K [0x00000000d5e00000, 0x00000000da900000, 0x0000000100000000)
  eden space 33280K, 100% used [0x00000000d5e00000,0x00000000d7e80000,0x00000000d7e80000)
  from space 5120K, 99% used [0x00000000d8380000,0x00000000d887ea58,0x00000000d8880000)
  to   space 5120K, 0% used [0x00000000d7e80000,0x00000000d7e80000,0x00000000d8380000)
 ParOldGen       total 87552K, used 238K [0x0000000081a00000, 0x0000000086f80000, 0x00000000d5e00000)
  object space 87552K, 0% used [0x0000000081a00000,0x0000000081a3ba68,0x0000000086f80000)
 Metaspace       used 18038K, capacity 18182K, committed 18432K, reserved 1064960K
  class space    used 2211K, capacity 2235K, committed 2304K, reserved 1048576K
Event: 2.183 GC heap after
Heap after GC invocations=3 (full 0):
 PSYoungGen      total 38400K, used 5109K [0x00000000d5e00000, 0x00000000da900000, 0x0000000100000000)
  eden space 33280K, 0% used [0x00000000d5e00000,0x00000000d5e00000,0x00000000d7e80000)
  from space 5120K, 99% used [0x00000000d7e80000,0x00000000d837d6a0,0x00000000d8380000)
  to   space 5120K, 0% used [0x00000000da400000,0x00000000da400000,0x00000000da900000)
 ParOldGen       total 87552K, used 1681K [0x0000000081a00000, 0x0000000086f80000, 0x00000000d5e00000)
  object space 87552K, 1% used [0x0000000081a00000,0x0000000081ba4468,0x0000000086f80000)
 Metaspace       used 18038K, capacity 18182K, committed 18432K, reserved 1064960K
  class space    used 2211K, capacity 2235K, committed 2304K, reserved 1048576K
}
Event: 2.479 GC heap before
{Heap before GC invocations=4 (full 0):
 PSYoungGen      total 38400K, used 38389K [0x00000000d5e00000, 0x00000000da900000, 0x0000000100000000)
  eden space 33280K, 100% used [0x00000000d5e00000,0x00000000d7e80000,0x00000000d7e80000)
  from space 5120K, 99% used [0x00000000d7e80000,0x00000000d837d6a0,0x00000000d8380000)
  to   space 5120K, 0% used [0x00000000da400000,0x00000000da400000,0x00000000da900000)
 ParOldGen       total 87552K, used 1681K [0x0000000081a00000, 0x0000000086f80000, 0x00000000d5e00000)
  object space 87552K, 1% used [0x0000000081a00000,0x0000000081ba4468,0x0000000086f80000)
 Metaspace       used 20891K, capacity 21068K, committed 21296K, reserved 1069056K
  class space    used 2570K, capacity 2620K, committed 2688K, reserved 1048576K
Event: 2.487 GC heap after
Heap after GC invocations=4 (full 0):
 PSYoungGen      total 71680K, used 5103K [0x00000000d5e00000, 0x00000000da900000, 0x0000000100000000)
  eden space 66560K, 0% used [0x00000000d5e00000,0x00000000d5e00000,0x00000000d9f00000)
  from space 5120K, 99% used [0x00000000da400000,0x00000000da8fbd48,0x00000000da900000)
  to   space 5120K, 0% used [0x00000000d9f00000,0x00000000d9f00000,0x00000000da400000)
 ParOldGen       total 87552K, used 3534K [0x0000000081a00000, 0x0000000086f80000, 0x00000000d5e00000)
  object space 87552K, 4% used [0x0000000081a00000,0x0000000081d739e0,0x0000000086f80000)
 Metaspace       used 20891K, capacity 21068K, committed 21296K, reserved 1069056K
  class space    used 2570K, capacity 2620K, committed 2688K, reserved 1048576K
}
Event: 2.570 GC heap before
{Heap before GC invocations=5 (full 0):
 PSYoungGen      total 71680K, used 30612K [0x00000000d5e00000, 0x00000000da900000, 0x0000000100000000)
  eden space 66560K, 38% used [0x00000000d5e00000,0x00000000d76e9560,0x00000000d9f00000)
  from space 5120K, 99% used [0x00000000da400000,0x00000000da8fbd48,0x00000000da900000)
  to   space 5120K, 0% used [0x00000000d9f00000,0x00000000d9f00000,0x00000000da400000)
 ParOldGen       total 87552K, used 3534K [0x0000000081a00000, 0x0000000086f80000, 0x00000000d5e00000)
  object space 87552K, 4% used [0x0000000081a00000,0x0000000081d739e0,0x0000000086f80000)
 Metaspace       used 21005K, capacity 21132K, committed 21296K, reserved 1069056K
  class space    used 2573K, capacity 2620K, committed 2688K, reserved 1048576K
Event: 2.578 GC heap after
Heap after GC invocations=5 (full 0):
 PSYoungGen      total 71680K, used 5103K [0x00000000d5e00000, 0x00000000da900000, 0x0000000100000000)
  eden space 66560K, 0% used [0x00000000d5e00000,0x00000000d5e00000,0x00000000d9f00000)
  from space 5120K, 99% used [0x00000000d9f00000,0x00000000da3fbd68,0x00000000da400000)
  to   space 5120K, 0% used [0x00000000da400000,0x00000000da400000,0x00000000da900000)
 ParOldGen       total 87552K, used 3705K [0x0000000081a00000, 0x0000000086f80000, 0x00000000d5e00000)
  object space 87552K, 4% used [0x0000000081a00000,0x0000000081d9e4a8,0x0000000086f80000)
 Metaspace       used 21005K, capacity 21132K, committed 21296K, reserved 1069056K
  class space    used 2573K, capacity 2620K, committed 2688K, reserved 1048576K
}
Event: 2.578 GC heap before
{Heap before GC invocations=6 (full 1):
 PSYoungGen      total 71680K, used 5103K [0x00000000d5e00000, 0x00000000da900000, 0x0000000100000000)
  eden space 66560K, 0% used [0x00000000d5e00000,0x00000000d5e00000,0x00000000d9f00000)
  from space 5120K, 99% used [0x00000000d9f00000,0x00000000da3fbd68,0x00000000da400000)
  to   space 5120K, 0% used [0x00000000da400000,0x00000000da400000,0x00000000da900000)
 ParOldGen       total 87552K, used 3705K [0x0000000081a00000, 0x0000000086f80000, 0x00000000d5e00000)
  object space 87552K, 4% used [0x0000000081a00000,0x0000000081d9e4a8,0x0000000086f80000)
 Metaspace       used 21005K, capacity 21132K, committed 21296K, reserved 1069056K
  class space    used 2573K, capacity 2620K, committed 2688K, reserved 1048576K
Event: 2.613 GC heap after
Heap after GC invocations=6 (full 1):
 PSYoungGen      total 71680K, used 0K [0x00000000d5e00000, 0x00000000da900000, 0x0000000100000000)
  eden space 66560K, 0% used [0x00000000d5e00000,0x00000000d5e00000,0x00000000d9f00000)
  from space 5120K, 0% used [0x00000000d9f00000,0x00000000d9f00000,0x00000000da400000)
  to   space 5120K, 0% used [0x00000000da400000,0x00000000da400000,0x00000000da900000)
 ParOldGen       total 52224K, used 5902K [0x0000000081a00000, 0x0000000084d00000, 0x00000000d5e00000)
  object space 52224K, 11% used [0x0000000081a00000,0x0000000081fc3840,0x0000000084d00000)
 Metaspace       used 21005K, capacity 21132K, committed 21296K, reserved 1069056K
  class space    used 2573K, capacity 2620K, committed 2688K, reserved 1048576K
}
Event: 3.373 GC heap before
{Heap before GC invocations=7 (full 1):
 PSYoungGen      total 71680K, used 66560K [0x00000000d5e00000, 0x00000000da900000, 0x0000000100000000)
  eden space 66560K, 100% used [0x00000000d5e00000,0x00000000d9f00000,0x00000000d9f00000)
  from space 5120K, 0% used [0x00000000d9f00000,0x00000000d9f00000,0x00000000da400000)
  to   space 5120K, 0% used [0x00000000da400000,0x00000000da400000,0x00000000da900000)
 ParOldGen       total 52224K, used 5902K [0x0000000081a00000, 0x0000000084d00000, 0x00000000d5e00000)
  object space 52224K, 11% used [0x0000000081a00000,0x0000000081fc3840,0x0000000084d00000)
 Metaspace       used 27201K, capacity 27466K, committed 27776K, reserved 1073152K
  class space    used 3330K, capacity 3383K, committed 3456K, reserved 1048576K
Event: 3.382 GC heap after
Heap after GC invocations=7 (full 1):
 PSYoungGen      total 71680K, used 5117K [0x00000000d5e00000, 0x00000000da900000, 0x0000000100000000)
  eden space 66560K, 0% used [0x00000000d5e00000,0x00000000d5e00000,0x00000000d9f00000)
  from space 5120K, 99% used [0x00000000da400000,0x00000000da8ff510,0x00000000da900000)
  to   space 5120K, 0% used [0x00000000d9f00000,0x00000000d9f00000,0x00000000da400000)
 ParOldGen       total 52224K, used 11042K [0x0000000081a00000, 0x0000000084d00000, 0x00000000d5e00000)
  object space 52224K, 21% used [0x0000000081a00000,0x00000000824c8880,0x0000000084d00000)
 Metaspace       used 27201K, capacity 27466K, committed 27776K, reserved 1073152K
  class space    used 3330K, capacity 3383K, committed 3456K, reserved 1048576K
}

Deoptimization events (10 events):
Event: 2.846 Thread 0x0000000002b24800 Uncommon trap: reason=bimorphic action=maybe_recompile pc=0x000000000342f4f4 method=java.util.concurrent.ConcurrentHashMap.putVal(Ljava/lang/Object;Ljava/lang/Object;Z)Ljava/lang/Object; @ 192
Event: 2.873 Thread 0x0000000002b24800 Uncommon trap: reason=unstable_if action=reinterpret pc=0x00000000034dc5c4 method=sun.reflect.annotation.AnnotationInvocationHandler.invoke(Ljava/lang/Object;Ljava/lang/reflect/Method;[Ljava/lang/Object;)Ljava/lang/Object; @ 255
Event: 3.186 Thread 0x0000000002b24800 Uncommon trap: reason=unstable_if action=reinterpret pc=0x000000000342f4b8 method=java.util.concurrent.ConcurrentHashMap.putVal(Ljava/lang/Object;Ljava/lang/Object;Z)Ljava/lang/Object; @ 331
Event: 3.186 Thread 0x0000000002b24800 Uncommon trap: reason=unstable_if action=reinterpret pc=0x000000000342dec8 method=java.util.concurrent.ConcurrentHashMap.get(Ljava/lang/Object;)Ljava/lang/Object; @ 86
Event: 3.216 Thread 0x0000000002b24800 Uncommon trap: reason=bimorphic action=maybe_recompile pc=0x0000000002fd82e8 method=java.util.HashMap.putVal(ILjava/lang/Object;Ljava/lang/Object;ZZ)Ljava/lang/Object; @ 203
Event: 3.217 Thread 0x0000000002b24800 Uncommon trap: reason=bimorphic action=maybe_recompile pc=0x0000000002fd82e8 method=java.util.HashMap.putVal(ILjava/lang/Object;Ljava/lang/Object;ZZ)Ljava/lang/Object; @ 203
Event: 3.221 Thread 0x0000000002b24800 Uncommon trap: reason=bimorphic action=maybe_recompile pc=0x0000000002fd82e8 method=java.util.HashMap.putVal(ILjava/lang/Object;Ljava/lang/Object;ZZ)Ljava/lang/Object; @ 203
Event: 3.226 Thread 0x0000000002b24800 Uncommon trap: reason=bimorphic action=maybe_recompile pc=0x0000000002fd82e8 method=java.util.HashMap.putVal(ILjava/lang/Object;Ljava/lang/Object;ZZ)Ljava/lang/Object; @ 203
Event: 3.496 Thread 0x000000001c907800 Uncommon trap: reason=unstable_if action=reinterpret pc=0x000000000351b5d4 method=sun.misc.URLClassPath$JarLoader.getResource(Ljava/lang/String;ZLjava/util/Set;)Lsun/misc/Resource; @ 17
Event: 3.516 Thread 0x000000001c907800 Uncommon trap: reason=unstable_if action=reinterpret pc=0x00000000031c33cc method=java.lang.String$CaseInsensitiveComparator.compare(Ljava/lang/String;Ljava/lang/String;)I @ 70

Classes redefined (0 events):
No events

Internal exceptions (10 events):
Event: 3.402 Thread 0x0000000002b24800 Exception <a 'java/lang/ClassNotFoundException': com/mchange/v2/c3p0/impl/AbstractPoolBackedDataSourceBeanInfo> (0x00000000d5faf428) thrown at [C:\workspace\8-2-build-windows-amd64-cygwin\jdk8u192\11897\hotspot\src\share\vm\classfile\systemDictionary.cpp,
Event: 3.402 Thread 0x0000000002b24800 Exception <a 'java/lang/ClassNotFoundException': com/mchange/v2/c3p0/impl/PoolBackedDataSourceBaseBeanInfo> (0x00000000d5fbe7a0) thrown at [C:\workspace\8-2-build-windows-amd64-cygwin\jdk8u192\11897\hotspot\src\share\vm\classfile\systemDictionary.cpp, lin
Event: 3.402 Thread 0x0000000002b24800 Exception <a 'java/lang/ClassNotFoundException': com/mchange/v2/c3p0/impl/IdentityTokenResolvableBeanInfo> (0x00000000d5fcda58) thrown at [C:\workspace\8-2-build-windows-amd64-cygwin\jdk8u192\11897\hotspot\src\share\vm\classfile\systemDictionary.cpp, line
Event: 3.403 Thread 0x0000000002b24800 Exception <a 'java/lang/ClassNotFoundException': com/mchange/v2/c3p0/impl/AbstractIdentityTokenizedBeanInfo> (0x00000000d5fdcdd0) thrown at [C:\workspace\8-2-build-windows-amd64-cygwin\jdk8u192\11897\hotspot\src\share\vm\classfile\systemDictionary.cpp, li
Event: 3.403 Thread 0x0000000002b24800 Exception <a 'java/lang/ClassNotFoundException': com/mchange/v2/c3p0/impl/AbstractIdentityTokenizedCustomizer> (0x00000000d5fecac0) thrown at [C:\workspace\8-2-build-windows-amd64-cygwin\jdk8u192\11897\hotspot\src\share\vm\classfile\systemDictionary.cpp, 
Event: 3.403 Thread 0x0000000002b24800 Exception <a 'java/lang/ClassNotFoundException': com/mchange/v2/c3p0/impl/IdentityTokenResolvableCustomizer> (0x00000000d5ffd3c8) thrown at [C:\workspace\8-2-build-windows-amd64-cygwin\jdk8u192\11897\hotspot\src\share\vm\classfile\systemDictionary.cpp, li
Event: 3.404 Thread 0x0000000002b24800 Exception <a 'java/lang/ClassNotFoundException': com/mchange/v2/c3p0/impl/PoolBackedDataSourceBaseCustomizer> (0x00000000d600e298) thrown at [C:\workspace\8-2-build-windows-amd64-cygwin\jdk8u192\11897\hotspot\src\share\vm\classfile\systemDictionary.cpp, l
Event: 3.404 Thread 0x0000000002b24800 Exception <a 'java/lang/ClassNotFoundException': com/mchange/v2/c3p0/impl/AbstractPoolBackedDataSourceCustomizer> (0x00000000d603b908) thrown at [C:\workspace\8-2-build-windows-amd64-cygwin\jdk8u192\11897\hotspot\src\share\vm\classfile\systemDictionary.cp
Event: 3.423 Thread 0x0000000002b24800 Exception <a 'java/lang/ClassNotFoundException': com/mchange/v2/c3p0/AbstractComboPooledDataSourceCustomizer> (0x00000000d60a1ec0) thrown at [C:\workspace\8-2-build-windows-amd64-cygwin\jdk8u192\11897\hotspot\src\share\vm\classfile\systemDictionary.cpp, l
Event: 3.429 Thread 0x0000000002b24800 Exception <a 'java/lang/ClassNotFoundException': com/mchange/v2/c3p0/ComboPooledDataSourceCustomizer> (0x00000000d6126af0) thrown at [C:\workspace\8-2-build-windows-amd64-cygwin\jdk8u192\11897\hotspot\src\share\vm\classfile\systemDictionary.cpp, line 210]

Events (10 events):
Event: 3.668 loading class com/mysql/cj/protocol/ServerSession
Event: 3.668 loading class com/mysql/cj/protocol/ServerSession done
Event: 3.668 loading class com/mysql/cj/exceptions/FeatureNotAvailableException
Event: 3.668 loading class com/mysql/cj/exceptions/FeatureNotAvailableException done
Event: 3.679 loading class com/mysql/cj/protocol/ServerCapabilities
Event: 3.679 loading class com/mysql/cj/protocol/ServerCapabilities done
Event: 3.679 loading class com/mysql/cj/protocol/a/CompressedInputStream
Event: 3.679 loading class com/mysql/cj/protocol/a/CompressedInputStream done
Event: 3.680 loading class com/mysql/cj/protocol/MessageHeader
Event: 3.680 loading class com/mysql/cj/protocol/MessageHeader done


Dynamic libraries:
0x00007ff6c8b20000 - 0x00007ff6c8b57000 	C:\Program Files\Java\jdk1.8.0_192\bin\java.exe
0x00007ffaa6bc0000 - 0x00007ffaa6da1000 	C:\WINDOWS\SYSTEM32\ntdll.dll
0x00007ffaa6280000 - 0x00007ffaa6331000 	C:\WINDOWS\System32\KERNEL32.DLL
0x00007ffaa3d60000 - 0x00007ffaa3fd3000 	C:\WINDOWS\System32\KERNELBASE.dll
0x00007ffaa6050000 - 0x00007ffaa60f1000 	C:\WINDOWS\System32\ADVAPI32.dll
0x00007ffaa4060000 - 0x00007ffaa40fe000 	C:\WINDOWS\System32\msvcrt.dll
0x00007ffaa6770000 - 0x00007ffaa67cb000 	C:\WINDOWS\System32\sechost.dll
0x00007ffaa5540000 - 0x00007ffaa5664000 	C:\WINDOWS\System32\RPCRT4.dll
0x00007ffaa6960000 - 0x00007ffaa6af0000 	C:\WINDOWS\System32\USER32.dll
0x00007ffaa4030000 - 0x00007ffaa4050000 	C:\WINDOWS\System32\win32u.dll
0x00007ffaa5760000 - 0x00007ffaa5788000 	C:\WINDOWS\System32\GDI32.dll
0x00007ffaa3140000 - 0x00007ffaa32d2000 	C:\WINDOWS\System32\gdi32full.dll
0x00007ffaa32e0000 - 0x00007ffaa337f000 	C:\WINDOWS\System32\msvcp_win.dll
0x00007ffaa2f90000 - 0x00007ffaa3088000 	C:\WINDOWS\System32\ucrtbase.dll
0x00007ffa963e0000 - 0x00007ffa96649000 	C:\WINDOWS\WinSxS\amd64_microsoft.windows.common-controls_6595b64144ccf1df_6.0.17134.706_none_fb43a2cb30647007\COMCTL32.dll
0x00007ffaa5790000 - 0x00007ffaa5ab2000 	C:\WINDOWS\System32\combase.dll
0x00007ffaa3570000 - 0x00007ffaa35ea000 	C:\WINDOWS\System32\bcryptPrimitives.dll
0x00007ffaa67d0000 - 0x00007ffaa67fd000 	C:\WINDOWS\System32\IMM32.DLL
0x000000005f170000 - 0x000000005f241000 	C:\Program Files\Java\jdk1.8.0_192\jre\bin\msvcr100.dll
0x000000005e8c0000 - 0x000000005f163000 	C:\Program Files\Java\jdk1.8.0_192\jre\bin\server\jvm.dll
0x00007ffaa5740000 - 0x00007ffaa5748000 	C:\WINDOWS\System32\PSAPI.DLL
0x00007ffa9e970000 - 0x00007ffa9e993000 	C:\WINDOWS\SYSTEM32\WINMM.dll
0x00007ffa947c0000 - 0x00007ffa947c9000 	C:\WINDOWS\SYSTEM32\WSOCK32.dll
0x00007ffaa6470000 - 0x00007ffaa64dc000 	C:\WINDOWS\System32\WS2_32.dll
0x00007ffaa1b00000 - 0x00007ffaa1b0a000 	C:\WINDOWS\SYSTEM32\VERSION.dll
0x00007ffa9e8a0000 - 0x00007ffa9e8ca000 	C:\WINDOWS\SYSTEM32\winmmbase.dll
0x00007ffaa3fe0000 - 0x00007ffaa4029000 	C:\WINDOWS\System32\cfgmgr32.dll
0x00007ffaa1bb0000 - 0x00007ffaa1bbf000 	C:\Program Files\Java\jdk1.8.0_192\jre\bin\verify.dll
0x00007ffaa1b80000 - 0x00007ffaa1ba9000 	C:\Program Files\Java\jdk1.8.0_192\jre\bin\java.dll
0x00007ffa80f60000 - 0x00007ffa80f83000 	C:\Program Files\Java\jdk1.8.0_192\jre\bin\instrument.dll
0x00007ffa9e060000 - 0x00007ffa9e076000 	C:\Program Files\Java\jdk1.8.0_192\jre\bin\zip.dll
0x00007ffaa4100000 - 0x00007ffaa5540000 	C:\WINDOWS\System32\SHELL32.dll
0x00007ffaa6340000 - 0x00007ffaa63e9000 	C:\WINDOWS\System32\shcore.dll
0x00007ffaa3650000 - 0x00007ffaa3d5d000 	C:\WINDOWS\System32\windows.storage.dll
0x00007ffaa5ff0000 - 0x00007ffaa6041000 	C:\WINDOWS\System32\shlwapi.dll
0x00007ffaa2f70000 - 0x00007ffaa2f81000 	C:\WINDOWS\System32\kernel.appcore.dll
0x00007ffaa2f40000 - 0x00007ffaa2f5f000 	C:\WINDOWS\System32\profapi.dll
0x00007ffaa2ef0000 - 0x00007ffaa2f3c000 	C:\WINDOWS\System32\powrprof.dll
0x00007ffaa2f60000 - 0x00007ffaa2f6a000 	C:\WINDOWS\System32\FLTLIB.DLL
0x00007ffa9a7d0000 - 0x00007ffa9a7ea000 	F:\IntelliJ IDEA 2018.3.4\bin\breakgen64.dll
0x00007ffa9dac0000 - 0x00007ffa9dada000 	C:\Program Files\Java\jdk1.8.0_192\jre\bin\net.dll
0x00007ffaa2750000 - 0x00007ffaa27b6000 	C:\WINDOWS\system32\mswsock.dll
0x00007ffa8af60000 - 0x00007ffa8af76000 	C:\WINDOWS\system32\napinsp.dll
0x00007ffa8aeb0000 - 0x00007ffa8aeca000 	C:\WINDOWS\system32\pnrpnsp.dll
0x00007ffa9f3a0000 - 0x00007ffa9f3b9000 	C:\WINDOWS\system32\NLAapi.dll
0x00007ffaa2510000 - 0x00007ffaa25ce000 	C:\WINDOWS\SYSTEM32\DNSAPI.dll
0x00007ffaa4050000 - 0x00007ffaa4058000 	C:\WINDOWS\System32\NSI.dll
0x00007ffaa24d0000 - 0x00007ffaa2508000 	C:\WINDOWS\SYSTEM32\IPHLPAPI.DLL
0x00007ffa8c780000 - 0x00007ffa8c78e000 	C:\WINDOWS\System32\winrnr.dll
0x00007ffa9cd10000 - 0x00007ffa9cd25000 	C:\WINDOWS\System32\wshbth.dll
0x00007ffa95e20000 - 0x00007ffa95e2a000 	C:\Windows\System32\rasadhlp.dll
0x00007ffa9a170000 - 0x00007ffa9a1e2000 	C:\WINDOWS\System32\fwpuclnt.dll
0x00007ffaa2a30000 - 0x00007ffaa2a55000 	C:\WINDOWS\SYSTEM32\bcrypt.dll
0x00007ffaa2900000 - 0x00007ffaa2917000 	C:\WINDOWS\SYSTEM32\CRYPTSP.dll
0x00007ffaa2330000 - 0x00007ffaa2363000 	C:\WINDOWS\system32\rsaenh.dll
0x00007ffaa2dd0000 - 0x00007ffaa2df8000 	C:\WINDOWS\SYSTEM32\USERENV.dll
0x00007ffaa2920000 - 0x00007ffaa292b000 	C:\WINDOWS\SYSTEM32\CRYPTBASE.dll
0x00007ffa9ac30000 - 0x00007ffa9ac46000 	C:\WINDOWS\SYSTEM32\dhcpcsvc6.DLL
0x00007ffa9aa70000 - 0x00007ffa9aa8a000 	C:\WINDOWS\SYSTEM32\dhcpcsvc.DLL
0x00007ffa9a960000 - 0x00007ffa9a971000 	C:\Program Files\Java\jdk1.8.0_192\jre\bin\nio.dll
0x00007ffa9f6b0000 - 0x00007ffa9f6bd000 	C:\Program Files\Java\jdk1.8.0_192\jre\bin\management.dll

VM Arguments:
jvm_args: -ea -Didea.test.cyclic.buffer.size=1048576 -javaagent:F:\IntelliJ IDEA 2018.3.4\lib\idea_rt.jar=53128:F:\IntelliJ IDEA 2018.3.4\bin -Dfile.encoding=UTF-8 
java_command: com.intellij.rt.execution.junit.JUnitStarter -ideVersion5 -junit4 com.nuc.exam.service.impl.GradeServiceImplTest,selectByStudentNumber
java_class_path (initial): F:\IntelliJ IDEA 2018.3.4\lib\idea_rt.jar;F:\IntelliJ IDEA 2018.3.4\plugins\junit\lib\junit-rt.jar;F:\IntelliJ IDEA 2018.3.4\plugins\junit\lib\junit5-rt.jar;C:\Program Files\Java\jdk1.8.0_192\jre\lib\charsets.jar;C:\Program Files\Java\jdk1.8.0_192\jre\lib\deploy.jar;C:\Program Files\Java\jdk1.8.0_192\jre\lib\ext\access-bridge-64.jar;C:\Program Files\Java\jdk1.8.0_192\jre\lib\ext\cldrdata.jar;C:\Program Files\Java\jdk1.8.0_192\jre\lib\ext\dnsns.jar;C:\Program Files\Java\jdk1.8.0_192\jre\lib\ext\jaccess.jar;C:\Program Files\Java\jdk1.8.0_192\jre\lib\ext\jfxrt.jar;C:\Program Files\Java\jdk1.8.0_192\jre\lib\ext\localedata.jar;C:\Program Files\Java\jdk1.8.0_192\jre\lib\ext\nashorn.jar;C:\Program Files\Java\jdk1.8.0_192\jre\lib\ext\sunec.jar;C:\Program Files\Java\jdk1.8.0_192\jre\lib\ext\sunjce_provider.jar;C:\Program Files\Java\jdk1.8.0_192\jre\lib\ext\sunmscapi.jar;C:\Program Files\Java\jdk1.8.0_192\jre\lib\ext\sunpkcs11.jar;C:\Program Files\Java\jdk1.8.0_192\jre\lib\ext\zipfs.jar;C:\Program Files\Java\jdk1.8.0_192\jre\lib\javaws.jar;C:\Program Files\Java\jdk1.8.0_192\jre\lib\jce.jar;C:\Program Files\Java\jdk1.8.0_192\jre\lib\jfr.jar;C:\Program Files\Java\jdk1.8.0_192\jre\lib\jfxswt.jar;C:\Program Files\Java\jdk1.8.0_192\jre\lib\jsse.jar;C:\Program Files\Java\jdk1.8.0_192\jre\lib\management-agent.jar;C:\Program Files\Java\jdk1.8.0_192\jre\lib\plugin.jar;C:\Program Files\Java\jdk1.8.0_192\jre\lib\resources.jar;C:\Program Files\Java\jdk1.8.0_192\jre\lib\rt.jar;F:\Javaweb\online_exam\target\test-classes;F:\Javaweb\online_exam\target\classes;C:\Users\Ally\.m2\repository\junit\junit\4.11\junit-4.11.jar;C:\Users\Ally\.m2\repository\org\hamcrest\hamcrest-core\1.3\hamcrest-core-1.3.jar;C:\Users\Ally\.m2\repository\org\slf4j\slf4j-api\1.7.26\slf4j-api-1.7.26.jar;C:\Users\Ally\.m2\repository\ch\qos\logback\logback-core\1.2.3\logback-core-1.2.3.jar;C:\Users\Ally\.m2\repository\ch\qos\logback\logback-classic\1.2.3\logback-classic-1.2.3.jar;C:\Users\Ally
Launcher Type: SUN_STANDARD

Environment Variables:
JAVA_HOME=C:\Program Files\Java\jdk1.8.0_192
CLASSPATH=.;C:\Program Files\Java\jdk1.8.0_192\lib\dt.jar;C:\Program Files\Java\jdk1.8.0_192\lib\tools.jar;
PATH=C:\Program Files (x86)\Common Files\Oracle\Java\javapath;C:\Program Files\Java\jdk1.8.0_192\bin;C:\Program Files\Java\jdk1.8.0_192\jre\bin;C:\Program Files (x86)\Intel\iCLS Client\;C:\Program Files\Intel\iCLS Client\;C:\Windows\system32;C:\Windows;C:\Windows\System32\Wbem;C:\Windows\System32\WindowsPowerShell\v1.0\;C:\Program Files (x86)\NVIDIA Corporation\PhysX\Common;C:\WINDOWS\system32;C:\WINDOWS;C:\WINDOWS\System32\Wbem;C:\WINDOWS\System32\WindowsPowerShell\v1.0\;C:\Program Files (x86)\Intel\Intel(R) Management Engine Components\DAL;C:\Program Files\Intel\Intel(R) Management Engine Components\DAL;C:\Program Files (x86)\Intel\Intel(R) Management Engine Components\IPT;C:\Program Files\Intel\Intel(R) Management Engine Components\IPT;D:\apache-tomcat-7.0.92-windows-x64\apache-tomcat-7.0.92;C:\WINDOWS\System32\OpenSSH\;F:\MongoDB\bin;C:\Program Files\Git\cmd;F:\ANACONDA\Scripts;E:\node.js\;E:\maven\apache-maven-3.6.0\bin;E:\Redis;C:\Program Files\MySQL\MySQL Server 5.7\bin;E:\htmltopdf\wkhtmltopdf\bin;C:\Users\Ally\AppData\Local\Programs\Python\Python36-32\Scripts\;C:\Users\Ally\AppData\Local\Programs\Python\Python36-32\;C:\Users\Ally\AppData\Local\Microsoft\WindowsApps;C:\Users\Ally\AppData\Local\GitHubDesktop\bin;C:\Users\Ally\AppData\Local\Microsoft\WindowsApps;C:\Users\Ally\AppData\Roaming\npm;E:\vscode\Microsoft VS Code\bin;E:\IntelliJ IDEA\IntelliJ IDEA Community Edition 2018.3.4\bin;
USERNAME=Ally
OS=Windows_NT
PROCESSOR_IDENTIFIER=Intel64 Family 6 Model 158 Stepping 9, GenuineIntel



---------------  S Y S T E M  ---------------

OS: Windows 10.0 , 64 bit Build 17134 (10.0.17134.706)

CPU:total 4 (initial active 4) (4 cores per cpu, 1 threads per core) family 6 model 158 stepping 9, cmov, cx8, fxsr, mmx, sse, sse2, sse3, ssse3, sse4.1, sse4.2, popcnt, avx, avx2, aes, clmul, erms, 3dnowpref, lzcnt, tsc, tscinvbit, bmi1, bmi2, adx

Memory: 4k page, physical 8278180k(1379124k free), swap 16142496k(6888k free)

vm_info: Java HotSpot(TM) 64-Bit Server VM (25.192-b12) for windows-amd64 JRE (1.8.0_192-b12), built on Oct  6 2018 17:12:23 by "java_re" with MS VC++ 10.0 (VS2010)

time: Thu May 16 19:19:42 2019
timezone: 中国标准时间
elapsed time: 3 seconds (0d 0h 0m 3s)

