#
# There is insufficient memory for the Java Runtime Environment to continue.
# Native memory allocation (malloc) failed to allocate 162576 bytes for Chunk::new
# Possible reasons:
#   The system is out of physical RAM or swap space
#   The process is running with CompressedOops enabled, and the Java Heap may be blocking the growth of the native heap
# Possible solutions:
#   Reduce memory load on the system
#   Increase physical memory or swap space
#   Check if swap backing store is full
#   Decrease Java heap size (-Xmx/-Xms)
#   Decrease number of Java threads
#   Decrease Java thread stack sizes (-Xss)
#   Set larger code cache with -XX:ReservedCodeCacheSize=
#   JVM is running with Unscaled Compressed Oops mode in which the Java heap is
#     placed in the first 4GB address space. The Java Heap base address is the
#     maximum limit for the native heap growth. Please use -XX:HeapBaseMinAddress
#     to set the Java Heap base and to place the Java Heap above 4GB virtual address.
# This output file may be truncated or incomplete.
#
#  Out of Memory Error (allocation.cpp:390), pid=8992, tid=0x0000000000004a10
#
# JRE version: Java(TM) SE Runtime Environment (8.0_192-b12) (build 1.8.0_192-b12)
# Java VM: Java HotSpot(TM) 64-Bit Server VM (25.192-b12 mixed mode windows-amd64 compressed oops)
# Failed to write core dump. Minidumps are not enabled by default on client versions of Windows
#

---------------  T H R E A D  ---------------

Current thread (0x0000000017a11000):  JavaThread "C2 CompilerThread0" daemon [_thread_in_native, id=18960, stack(0x0000000019420000,0x0000000019520000)]

Stack: [0x0000000019420000,0x0000000019520000]
[error occurred during error reporting (printing stack bounds), id 0xc0000005]

Native frames: (J=compiled Java code, j=interpreted, Vv=VM code, C=native code)


Current CompileTask:
C2:   3173 2646       4       org.springframework.core.BridgeMethodResolver::findBridgedMethod (110 bytes)


---------------  P R O C E S S  ---------------

Java Threads: ( => current thread )
  0x0000000019ff6000 JavaThread "Abandoned connection cleanup thread" daemon [_thread_blocked, id=9592, stack(0x000000001b9a0000,0x000000001baa0000)]
  0x0000000018db9800 JavaThread "Service Thread" daemon [_thread_blocked, id=15652, stack(0x0000000019720000,0x0000000019820000)]
  0x0000000017a15800 JavaThread "C1 CompilerThread2" daemon [_thread_blocked, id=7108, stack(0x0000000019620000,0x0000000019720000)]
  0x0000000017a14800 JavaThread "C2 CompilerThread1" daemon [_thread_in_native, id=2248, stack(0x0000000019520000,0x0000000019620000)]
=>0x0000000017a11000 JavaThread "C2 CompilerThread0" daemon [_thread_in_native, id=18960, stack(0x0000000019420000,0x0000000019520000)]
  0x0000000017a18000 JavaThread "Monitor Ctrl-Break" daemon [_thread_in_native, id=7288, stack(0x0000000019320000,0x0000000019420000)]
  0x00000000179f7000 JavaThread "Attach Listener" daemon [_thread_blocked, id=6052, stack(0x0000000019220000,0x0000000019320000)]
  0x00000000179e2800 JavaThread "Signal Dispatcher" daemon [_thread_blocked, id=13648, stack(0x0000000019120000,0x0000000019220000)]
  0x0000000002e8e000 JavaThread "Finalizer" daemon [_thread_blocked, id=11004, stack(0x0000000018c20000,0x0000000018d20000)]
  0x0000000002e85000 JavaThread "Reference Handler" daemon [_thread_blocked, id=6808, stack(0x0000000018b20000,0x0000000018c20000)]
  0x0000000002d95000 JavaThread "main" [_thread_in_vm, id=20696, stack(0x0000000002ac0000,0x0000000002bc0000)]

Other Threads:
  0x0000000017997800 VMThread [stack: 0x0000000018a20000,0x0000000018b20000] [id=19772]
  0x0000000018dc9000 WatcherThread [stack: 0x0000000019820000,0x0000000019920000] [id=7524]

VM state:not at safepoint (normal execution)

VM Mutex/Monitor currently owned by a thread: None

heap address: 0x0000000081a00000, size: 2022 MB, Compressed Oops mode: 32-bit
Narrow klass base: 0x0000000000000000, Narrow klass shift: 3
Compressed class space size: 1073741824 Address: 0x0000000100000000

Heap:
 PSYoungGen      total 35328K, used 33383K [0x00000000d5e00000, 0x00000000da400000, 0x0000000100000000)
  eden space 30208K, 93% used [0x00000000d5e00000,0x00000000d799b580,0x00000000d7b80000)
  from space 5120K, 99% used [0x00000000d8380000,0x00000000d887e750,0x00000000d8880000)
  to   space 8192K, 0% used [0x00000000d7b80000,0x00000000d7b80000,0x00000000d8380000)
 ParOldGen       total 52736K, used 7403K [0x0000000081a00000, 0x0000000084d80000, 0x00000000d5e00000)
  object space 52736K, 14% used [0x0000000081a00000,0x000000008213ae08,0x0000000084d80000)
 Metaspace       used 26762K, capacity 26968K, committed 27264K, reserved 1073152K
  class space    used 3281K, capacity 3348K, committed 3456K, reserved 1048576K

Card table byte_map: [0x0000000012250000,0x0000000012650000] byte_map_base: 0x0000000011e43000

Marking Bits: (ParMarkBitMap*) 0x000000005f0e3ce0
 Begin Bits: [0x0000000012d00000, 0x0000000014c98000)
 End Bits:   [0x0000000014c98000, 0x0000000016c30000)

Polling page: 0x0000000002680000

CodeCache: size=245760Kb used=9371Kb max_used=9371Kb free=236388Kb
 bounds [0x0000000002e90000, 0x00000000037c0000, 0x0000000011e90000]
 total_blobs=3089 nmethods=2653 adapters=348
 compilation: enabled

Compilation events (10 events):
Event: 3.164 Thread 0x0000000017a15800 nmethod 2651 0x00000000037b4290 code [0x00000000037b4540, 0x00000000037b5648]
Event: 3.166 Thread 0x0000000017a15800 2654       3       org.springframework.beans.factory.support.AutowireUtils::isSetterDefinedInInterface (76 bytes)
Event: 3.167 Thread 0x0000000017a15800 nmethod 2654 0x00000000037b67d0 code [0x00000000037b69e0, 0x00000000037b75e8]
Event: 3.167 Thread 0x0000000017a15800 2653       3       org.springframework.beans.factory.support.AutowireUtils::isExcludedFromDependencyCheck (57 bytes)
Event: 3.168 Thread 0x0000000017a15800 nmethod 2653 0x00000000037b79d0 code [0x00000000037b7be0, 0x00000000037b8a18]
Event: 3.168 Thread 0x0000000017a15800 2655       3       java.lang.Throwable::<init> (34 bytes)
Event: 3.168 Thread 0x0000000017a15800 nmethod 2655 0x00000000037b3d50 code [0x00000000037b3ec0, 0x00000000037b41a8]
Event: 3.168 Thread 0x0000000017a15800 2656       1       java.lang.reflect.Method::getMethodAccessor (5 bytes)
Event: 3.168 Thread 0x0000000017a15800 nmethod 2656 0x00000000037afc50 code [0x00000000037afda0, 0x00000000037afeb0]
Event: 3.168 Thread 0x0000000017a15800 2657       3       org.springframework.context.support.AbstractApplicationContext::assertBeanFactoryActive (81 bytes)

GC Heap History (10 events):
Event: 2.107 GC heap before
{Heap before GC invocations=3 (full 0):
 PSYoungGen      total 38400K, used 38394K [0x00000000d5e00000, 0x00000000d8880000, 0x0000000100000000)
  eden space 33280K, 100% used [0x00000000d5e00000,0x00000000d7e80000,0x00000000d7e80000)
  from space 5120K, 99% used [0x00000000d8380000,0x00000000d887ea58,0x00000000d8880000)
  to   space 5120K, 0% used [0x00000000d7e80000,0x00000000d7e80000,0x00000000d8380000)
 ParOldGen       total 87552K, used 216K [0x0000000081a00000, 0x0000000086f80000, 0x00000000d5e00000)
  object space 87552K, 0% used [0x0000000081a00000,0x0000000081a360d0,0x0000000086f80000)
 Metaspace       used 17901K, capacity 18054K, committed 18176K, reserved 1064960K
  class space    used 2199K, capacity 2235K, committed 2304K, reserved 1048576K
Event: 2.115 GC heap after
Heap after GC invocations=3 (full 0):
 PSYoungGen      total 38400K, used 5112K [0x00000000d5e00000, 0x00000000d8880000, 0x0000000100000000)
  eden space 33280K, 0% used [0x00000000d5e00000,0x00000000d5e00000,0x00000000d7e80000)
  from space 5120K, 99% used [0x00000000d7e80000,0x00000000d837e078,0x00000000d8380000)
  to   space 5120K, 0% used [0x00000000d8380000,0x00000000d8380000,0x00000000d8880000)
 ParOldGen       total 87552K, used 1651K [0x0000000081a00000, 0x0000000086f80000, 0x00000000d5e00000)
  object space 87552K, 1% used [0x0000000081a00000,0x0000000081b9cef0,0x0000000086f80000)
 Metaspace       used 17901K, capacity 18054K, committed 18176K, reserved 1064960K
  class space    used 2199K, capacity 2235K, committed 2304K, reserved 1048576K
}
Event: 2.382 GC heap before
{Heap before GC invocations=4 (full 0):
 PSYoungGen      total 38400K, used 38392K [0x00000000d5e00000, 0x00000000d8880000, 0x0000000100000000)
  eden space 33280K, 100% used [0x00000000d5e00000,0x00000000d7e80000,0x00000000d7e80000)
  from space 5120K, 99% used [0x00000000d7e80000,0x00000000d837e078,0x00000000d8380000)
  to   space 5120K, 0% used [0x00000000d8380000,0x00000000d8380000,0x00000000d8880000)
 ParOldGen       total 87552K, used 1651K [0x0000000081a00000, 0x0000000086f80000, 0x00000000d5e00000)
  object space 87552K, 1% used [0x0000000081a00000,0x0000000081b9cef0,0x0000000086f80000)
 Metaspace       used 20830K, capacity 21004K, committed 21120K, reserved 1067008K
  class space    used 2570K, capacity 2620K, committed 2688K, reserved 1048576K
Event: 2.391 GC heap after
Heap after GC invocations=4 (full 0):
 PSYoungGen      total 38400K, used 5109K [0x00000000d5e00000, 0x00000000d8880000, 0x0000000100000000)
  eden space 33280K, 0% used [0x00000000d5e00000,0x00000000d5e00000,0x00000000d7e80000)
  from space 5120K, 99% used [0x00000000d8380000,0x00000000d887d478,0x00000000d8880000)
  to   space 5120K, 0% used [0x00000000d7e80000,0x00000000d7e80000,0x00000000d8380000)
 ParOldGen       total 87552K, used 3611K [0x0000000081a00000, 0x0000000086f80000, 0x00000000d5e00000)
  object space 87552K, 4% used [0x0000000081a00000,0x0000000081d86f90,0x0000000086f80000)
 Metaspace       used 20830K, capacity 21004K, committed 21120K, reserved 1067008K
  class space    used 2570K, capacity 2620K, committed 2688K, reserved 1048576K
}
Event: 2.468 GC heap before
{Heap before GC invocations=5 (full 0):
 PSYoungGen      total 38400K, used 30920K [0x00000000d5e00000, 0x00000000d8880000, 0x0000000100000000)
  eden space 33280K, 77% used [0x00000000d5e00000,0x00000000d7734c28,0x00000000d7e80000)
  from space 5120K, 99% used [0x00000000d8380000,0x00000000d887d478,0x00000000d8880000)
  to   space 5120K, 0% used [0x00000000d7e80000,0x00000000d7e80000,0x00000000d8380000)
 ParOldGen       total 87552K, used 3611K [0x0000000081a00000, 0x0000000086f80000, 0x00000000d5e00000)
  object space 87552K, 4% used [0x0000000081a00000,0x0000000081d86f90,0x0000000086f80000)
 Metaspace       used 20953K, capacity 21132K, committed 21296K, reserved 1069056K
  class space    used 2573K, capacity 2620K, committed 2688K, reserved 1048576K
Event: 2.476 GC heap after
Heap after GC invocations=5 (full 0):
 PSYoungGen      total 38400K, used 5108K [0x00000000d5e00000, 0x00000000d8880000, 0x0000000100000000)
  eden space 33280K, 0% used [0x00000000d5e00000,0x00000000d5e00000,0x00000000d7e80000)
  from space 5120K, 99% used [0x00000000d7e80000,0x00000000d837d3f8,0x00000000d8380000)
  to   space 5120K, 0% used [0x00000000d8380000,0x00000000d8380000,0x00000000d8880000)
 ParOldGen       total 87552K, used 3694K [0x0000000081a00000, 0x0000000086f80000, 0x00000000d5e00000)
  object space 87552K, 4% used [0x0000000081a00000,0x0000000081d9ba58,0x0000000086f80000)
 Metaspace       used 20953K, capacity 21132K, committed 21296K, reserved 1069056K
  class space    used 2573K, capacity 2620K, committed 2688K, reserved 1048576K
}
Event: 2.476 GC heap before
{Heap before GC invocations=6 (full 1):
 PSYoungGen      total 38400K, used 5108K [0x00000000d5e00000, 0x00000000d8880000, 0x0000000100000000)
  eden space 33280K, 0% used [0x00000000d5e00000,0x00000000d5e00000,0x00000000d7e80000)
  from space 5120K, 99% used [0x00000000d7e80000,0x00000000d837d3f8,0x00000000d8380000)
  to   space 5120K, 0% used [0x00000000d8380000,0x00000000d8380000,0x00000000d8880000)
 ParOldGen       total 87552K, used 3694K [0x0000000081a00000, 0x0000000086f80000, 0x00000000d5e00000)
  object space 87552K, 4% used [0x0000000081a00000,0x0000000081d9ba58,0x0000000086f80000)
 Metaspace       used 20953K, capacity 21132K, committed 21296K, reserved 1069056K
  class space    used 2573K, capacity 2620K, committed 2688K, reserved 1048576K
Event: 2.513 GC heap after
Heap after GC invocations=6 (full 1):
 PSYoungGen      total 38400K, used 0K [0x00000000d5e00000, 0x00000000d8880000, 0x0000000100000000)
  eden space 33280K, 0% used [0x00000000d5e00000,0x00000000d5e00000,0x00000000d7e80000)
  from space 5120K, 0% used [0x00000000d7e80000,0x00000000d7e80000,0x00000000d8380000)
  to   space 5120K, 0% used [0x00000000d8380000,0x00000000d8380000,0x00000000d8880000)
 ParOldGen       total 52736K, used 5918K [0x0000000081a00000, 0x0000000084d80000, 0x00000000d5e00000)
  object space 52736K, 11% used [0x0000000081a00000,0x0000000081fc7940,0x0000000084d80000)
 Metaspace       used 20953K, capacity 21132K, committed 21296K, reserved 1069056K
  class space    used 2573K, capacity 2620K, committed 2688K, reserved 1048576K
}
Event: 2.886 GC heap before
{Heap before GC invocations=7 (full 1):
 PSYoungGen      total 38400K, used 33280K [0x00000000d5e00000, 0x00000000d8880000, 0x0000000100000000)
  eden space 33280K, 100% used [0x00000000d5e00000,0x00000000d7e80000,0x00000000d7e80000)
  from space 5120K, 0% used [0x00000000d7e80000,0x00000000d7e80000,0x00000000d8380000)
  to   space 5120K, 0% used [0x00000000d8380000,0x00000000d8380000,0x00000000d8880000)
 ParOldGen       total 52736K, used 5918K [0x0000000081a00000, 0x0000000084d80000, 0x00000000d5e00000)
  object space 52736K, 11% used [0x0000000081a00000,0x0000000081fc7940,0x0000000084d80000)
 Metaspace       used 24795K, capacity 25062K, committed 25216K, reserved 1071104K
  class space    used 3045K, capacity 3121K, committed 3200K, reserved 1048576K
Event: 2.891 GC heap after
Heap after GC invocations=7 (full 1):
 PSYoungGen      total 35328K, used 5113K [0x00000000d5e00000, 0x00000000da400000, 0x0000000100000000)
  eden space 30208K, 0% used [0x00000000d5e00000,0x00000000d5e00000,0x00000000d7b80000)
  from space 5120K, 99% used [0x00000000d8380000,0x00000000d887e750,0x00000000d8880000)
  to   space 8192K, 0% used [0x00000000d7b80000,0x00000000d7b80000,0x00000000d8380000)
 ParOldGen       total 52736K, used 7403K [0x0000000081a00000, 0x0000000084d80000, 0x00000000d5e00000)
  object space 52736K, 14% used [0x0000000081a00000,0x000000008213ae08,0x0000000084d80000)
 Metaspace       used 24795K, capacity 25062K, committed 25216K, reserved 1071104K
  class space    used 3045K, capacity 3121K, committed 3200K, reserved 1048576K
}

Deoptimization events (10 events):
Event: 2.289 Thread 0x0000000002d95000 Uncommon trap: reason=unstable_if action=reinterpret pc=0x00000000031dc6e8 method=com.sun.org.apache.xerces.internal.impl.XMLEntityScanner.skipSpaces()Z @ 273
Event: 2.513 Thread 0x0000000002d95000 Uncommon trap: reason=unstable_if action=reinterpret pc=0x000000000360a3a4 method=java.lang.Class.searchMethods([Ljava/lang/reflect/Method;Ljava/lang/String;[Ljava/lang/Class;)Ljava/lang/reflect/Method; @ 47
Event: 2.537 Thread 0x0000000002d95000 Uncommon trap: reason=unstable_if action=reinterpret pc=0x000000000348d5f4 method=java.util.concurrent.ConcurrentHashMap.putVal(Ljava/lang/Object;Ljava/lang/Object;Z)Ljava/lang/Object; @ 331
Event: 2.707 Thread 0x0000000002d95000 Uncommon trap: reason=predicate action=maybe_recompile pc=0x00000000035b3904 method=java.lang.String.regionMatches(ZILjava/lang/String;II)Z @ 63
Event: 2.736 Thread 0x0000000002d95000 Uncommon trap: reason=unstable_if action=reinterpret pc=0x0000000003663788 method=java.util.concurrent.ConcurrentHashMap.get(Ljava/lang/Object;)Ljava/lang/Object; @ 86
Event: 2.761 Thread 0x0000000002d95000 Uncommon trap: reason=unstable_if action=reinterpret pc=0x0000000003705d44 method=sun.reflect.annotation.AnnotationInvocationHandler.invoke(Ljava/lang/Object;Ljava/lang/reflect/Method;[Ljava/lang/Object;)Ljava/lang/Object; @ 255
Event: 3.100 Thread 0x0000000002d95000 Uncommon trap: reason=bimorphic action=maybe_recompile pc=0x000000000321bad4 method=java.util.HashMap.putVal(ILjava/lang/Object;Ljava/lang/Object;ZZ)Ljava/lang/Object; @ 203
Event: 3.102 Thread 0x0000000002d95000 Uncommon trap: reason=bimorphic action=maybe_recompile pc=0x000000000321bad4 method=java.util.HashMap.putVal(ILjava/lang/Object;Ljava/lang/Object;ZZ)Ljava/lang/Object; @ 203
Event: 3.106 Thread 0x0000000002d95000 Uncommon trap: reason=bimorphic action=maybe_recompile pc=0x000000000321bad4 method=java.util.HashMap.putVal(ILjava/lang/Object;Ljava/lang/Object;ZZ)Ljava/lang/Object; @ 203
Event: 3.111 Thread 0x0000000002d95000 Uncommon trap: reason=bimorphic action=maybe_recompile pc=0x000000000321bad4 method=java.util.HashMap.putVal(ILjava/lang/Object;Ljava/lang/Object;ZZ)Ljava/lang/Object; @ 203

Classes redefined (0 events):
No events

Internal exceptions (10 events):
Event: 3.157 Thread 0x0000000002d95000 Exception <a 'java/lang/ClassNotFoundException': org/springframework/web/servlet/handler/AbstractDetectingUrlHandlerMappingCustomizer> (0x00000000d77d0240) thrown at [C:\workspace\8-2-build-windows-amd64-cygwin\jdk8u192\11897\hotspot\src\share\vm\classfil
Event: 3.158 Thread 0x0000000002d95000 Exception <a 'java/lang/ClassNotFoundException': org/springframework/web/servlet/handler/BeanNameUrlHandlerMappingCustomizer> (0x00000000d77e8198) thrown at [C:\workspace\8-2-build-windows-amd64-cygwin\jdk8u192\11897\hotspot\src\share\vm\classfile\systemD
Event: 3.160 Thread 0x0000000002d95000 Exception <a 'java/lang/ClassNotFoundException': org/springframework/web/servlet/mvc/HttpRequestHandlerAdapterBeanInfo> (0x00000000d78341e0) thrown at [C:\workspace\8-2-build-windows-amd64-cygwin\jdk8u192\11897\hotspot\src\share\vm\classfile\systemDiction
Event: 3.160 Thread 0x0000000002d95000 Exception <a 'java/lang/ClassNotFoundException': org/springframework/web/servlet/mvc/HttpRequestHandlerAdapterCustomizer> (0x00000000d7845238) thrown at [C:\workspace\8-2-build-windows-amd64-cygwin\jdk8u192\11897\hotspot\src\share\vm\classfile\systemDicti
Event: 3.161 Thread 0x0000000002d95000 Exception <a 'java/lang/ClassNotFoundException': org/springframework/web/servlet/mvc/SimpleControllerHandlerAdapterBeanInfo> (0x00000000d78620c8) thrown at [C:\workspace\8-2-build-windows-amd64-cygwin\jdk8u192\11897\hotspot\src\share\vm\classfile\systemDi
Event: 3.162 Thread 0x0000000002d95000 Exception <a 'java/lang/ClassNotFoundException': org/springframework/web/servlet/mvc/SimpleControllerHandlerAdapterCustomizer> (0x00000000d7873f60) thrown at [C:\workspace\8-2-build-windows-amd64-cygwin\jdk8u192\11897\hotspot\src\share\vm\classfile\system
Event: 3.163 Thread 0x0000000002d95000 Exception <a 'java/lang/ClassNotFoundException': org/springframework/web/servlet/resource/DefaultServletHttpRequestHandlerBeanInfo> (0x00000000d7893eb8) thrown at [C:\workspace\8-2-build-windows-amd64-cygwin\jdk8u192\11897\hotspot\src\share\vm\classfile\s
Event: 3.163 Thread 0x0000000002d95000 Exception <a 'java/lang/ClassNotFoundException': org/springframework/web/servlet/resource/DefaultServletHttpRequestHandlerCustomizer> (0x00000000d78a7150) thrown at [C:\workspace\8-2-build-windows-amd64-cygwin\jdk8u192\11897\hotspot\src\share\vm\classfile
Event: 3.165 Thread 0x0000000002d95000 Exception <a 'java/lang/ClassNotFoundException': org/springframework/web/servlet/handler/SimpleUrlHandlerMappingBeanInfo> (0x00000000d78d5660) thrown at [C:\workspace\8-2-build-windows-amd64-cygwin\jdk8u192\11897\hotspot\src\share\vm\classfile\systemDicti
Event: 3.165 Thread 0x0000000002d95000 Exception <a 'java/lang/ClassNotFoundException': org/springframework/web/servlet/handler/SimpleUrlHandlerMappingCustomizer> (0x00000000d78e6ae0) thrown at [C:\workspace\8-2-build-windows-amd64-cygwin\jdk8u192\11897\hotspot\src\share\vm\classfile\systemDic

Events (10 events):
Event: 3.165 loading class org/springframework/web/servlet/handler/SimpleUrlHandlerMappingBeanInfo
Event: 3.165 loading class org/springframework/web/servlet/handler/SimpleUrlHandlerMappingBeanInfo done
Event: 3.165 loading class org/springframework/web/servlet/handler/SimpleUrlHandlerMappingCustomizer
Event: 3.165 loading class org/springframework/web/servlet/handler/SimpleUrlHandlerMappingCustomizer done
Event: 3.165 loading class org/springframework/web/servlet/handler/SimpleUrlHandlerMappingCustomizer
Event: 3.165 loading class org/springframework/web/servlet/handler/SimpleUrlHandlerMappingCustomizer done
Event: 3.165 loading class org/springframework/web/servlet/handler/SimpleUrlHandlerMappingCustomizer
Event: 3.165 loading class org/springframework/web/servlet/handler/SimpleUrlHandlerMappingCustomizer done
Event: 3.168 loading class org/springframework/core/GenericCollectionTypeResolver
Event: 3.168 loading class org/springframework/core/GenericCollectionTypeResolver done


Dynamic libraries:
0x00007ff6c8b20000 - 0x00007ff6c8b57000 	C:\Program Files\Java\jdk1.8.0_192\bin\java.exe
0x00007ffaa6bc0000 - 0x00007ffaa6da1000 	C:\WINDOWS\SYSTEM32\ntdll.dll
0x00007ffaa6280000 - 0x00007ffaa6331000 	C:\WINDOWS\System32\KERNEL32.DLL
0x00007ffaa3d60000 - 0x00007ffaa3fd3000 	C:\WINDOWS\System32\KERNELBASE.dll
0x00007ffaa6050000 - 0x00007ffaa60f1000 	C:\WINDOWS\System32\ADVAPI32.dll
0x00007ffaa4060000 - 0x00007ffaa40fe000 	C:\WINDOWS\System32\msvcrt.dll
0x00007ffaa6770000 - 0x00007ffaa67cb000 	C:\WINDOWS\System32\sechost.dll
0x00007ffaa5540000 - 0x00007ffaa5664000 	C:\WINDOWS\System32\RPCRT4.dll
0x00007ffaa6960000 - 0x00007ffaa6af0000 	C:\WINDOWS\System32\USER32.dll
0x00007ffaa4030000 - 0x00007ffaa4050000 	C:\WINDOWS\System32\win32u.dll
0x00007ffaa5760000 - 0x00007ffaa5788000 	C:\WINDOWS\System32\GDI32.dll
0x00007ffaa3140000 - 0x00007ffaa32d2000 	C:\WINDOWS\System32\gdi32full.dll
0x00007ffaa32e0000 - 0x00007ffaa337f000 	C:\WINDOWS\System32\msvcp_win.dll
0x00007ffaa2f90000 - 0x00007ffaa3088000 	C:\WINDOWS\System32\ucrtbase.dll
0x00007ffa963e0000 - 0x00007ffa96649000 	C:\WINDOWS\WinSxS\amd64_microsoft.windows.common-controls_6595b64144ccf1df_6.0.17134.706_none_fb43a2cb30647007\COMCTL32.dll
0x00007ffaa5790000 - 0x00007ffaa5ab2000 	C:\WINDOWS\System32\combase.dll
0x00007ffaa3570000 - 0x00007ffaa35ea000 	C:\WINDOWS\System32\bcryptPrimitives.dll
0x00007ffaa67d0000 - 0x00007ffaa67fd000 	C:\WINDOWS\System32\IMM32.DLL
0x000000005f170000 - 0x000000005f241000 	C:\Program Files\Java\jdk1.8.0_192\jre\bin\msvcr100.dll
0x000000005e8c0000 - 0x000000005f163000 	C:\Program Files\Java\jdk1.8.0_192\jre\bin\server\jvm.dll
0x00007ffaa5740000 - 0x00007ffaa5748000 	C:\WINDOWS\System32\PSAPI.DLL
0x00007ffa947c0000 - 0x00007ffa947c9000 	C:\WINDOWS\SYSTEM32\WSOCK32.dll
0x00007ffaa6470000 - 0x00007ffaa64dc000 	C:\WINDOWS\System32\WS2_32.dll
0x00007ffa9e970000 - 0x00007ffa9e993000 	C:\WINDOWS\SYSTEM32\WINMM.dll
0x00007ffaa1b00000 - 0x00007ffaa1b0a000 	C:\WINDOWS\SYSTEM32\VERSION.dll
0x00007ffa9e8a0000 - 0x00007ffa9e8ca000 	C:\WINDOWS\SYSTEM32\WINMMBASE.dll
0x00007ffaa3fe0000 - 0x00007ffaa4029000 	C:\WINDOWS\System32\cfgmgr32.dll
0x00007ffaa1bb0000 - 0x00007ffaa1bbf000 	C:\Program Files\Java\jdk1.8.0_192\jre\bin\verify.dll
0x00007ffaa1b80000 - 0x00007ffaa1ba9000 	C:\Program Files\Java\jdk1.8.0_192\jre\bin\java.dll
0x00007ffa7fd50000 - 0x00007ffa7fd73000 	C:\Program Files\Java\jdk1.8.0_192\jre\bin\instrument.dll
0x00007ffa9e060000 - 0x00007ffa9e076000 	C:\Program Files\Java\jdk1.8.0_192\jre\bin\zip.dll
0x00007ffaa4100000 - 0x00007ffaa5540000 	C:\WINDOWS\System32\SHELL32.dll
0x00007ffaa6340000 - 0x00007ffaa63e9000 	C:\WINDOWS\System32\shcore.dll
0x00007ffaa3650000 - 0x00007ffaa3d5d000 	C:\WINDOWS\System32\windows.storage.dll
0x00007ffaa5ff0000 - 0x00007ffaa6041000 	C:\WINDOWS\System32\shlwapi.dll
0x00007ffaa2f70000 - 0x00007ffaa2f81000 	C:\WINDOWS\System32\kernel.appcore.dll
0x00007ffaa2f40000 - 0x00007ffaa2f5f000 	C:\WINDOWS\System32\profapi.dll
0x00007ffaa2ef0000 - 0x00007ffaa2f3c000 	C:\WINDOWS\System32\powrprof.dll
0x00007ffaa2f60000 - 0x00007ffaa2f6a000 	C:\WINDOWS\System32\FLTLIB.DLL
0x00007ffa9a7d0000 - 0x00007ffa9a7ea000 	F:\IntelliJ IDEA 2018.3.4\bin\breakgen64.dll
0x00007ffa9dac0000 - 0x00007ffa9dada000 	C:\Program Files\Java\jdk1.8.0_192\jre\bin\net.dll
0x00007ffaa2750000 - 0x00007ffaa27b6000 	C:\WINDOWS\system32\mswsock.dll
0x00007ffa8af60000 - 0x00007ffa8af76000 	C:\WINDOWS\system32\napinsp.dll
0x00007ffa8aeb0000 - 0x00007ffa8aeca000 	C:\WINDOWS\system32\pnrpnsp.dll
0x00007ffa9f3a0000 - 0x00007ffa9f3b9000 	C:\WINDOWS\system32\NLAapi.dll
0x00007ffaa2510000 - 0x00007ffaa25ce000 	C:\WINDOWS\SYSTEM32\DNSAPI.dll
0x00007ffaa4050000 - 0x00007ffaa4058000 	C:\WINDOWS\System32\NSI.dll
0x00007ffaa24d0000 - 0x00007ffaa2508000 	C:\WINDOWS\SYSTEM32\IPHLPAPI.DLL
0x00007ffa8c780000 - 0x00007ffa8c78e000 	C:\WINDOWS\System32\winrnr.dll
0x00007ffa9cd10000 - 0x00007ffa9cd25000 	C:\WINDOWS\System32\wshbth.dll
0x00007ffa95e20000 - 0x00007ffa95e2a000 	C:\Windows\System32\rasadhlp.dll
0x00007ffa9a170000 - 0x00007ffa9a1e2000 	C:\WINDOWS\System32\fwpuclnt.dll
0x00007ffaa2a30000 - 0x00007ffaa2a55000 	C:\WINDOWS\SYSTEM32\bcrypt.dll
0x00007ffaa2900000 - 0x00007ffaa2917000 	C:\WINDOWS\SYSTEM32\CRYPTSP.dll
0x00007ffaa2330000 - 0x00007ffaa2363000 	C:\WINDOWS\system32\rsaenh.dll
0x00007ffaa2dd0000 - 0x00007ffaa2df8000 	C:\WINDOWS\SYSTEM32\USERENV.dll
0x00007ffaa2920000 - 0x00007ffaa292b000 	C:\WINDOWS\SYSTEM32\CRYPTBASE.dll
0x00007ffa9ac30000 - 0x00007ffa9ac46000 	C:\WINDOWS\SYSTEM32\dhcpcsvc6.DLL
0x00007ffa9aa70000 - 0x00007ffa9aa8a000 	C:\WINDOWS\SYSTEM32\dhcpcsvc.DLL
0x00007ffa9a960000 - 0x00007ffa9a971000 	C:\Program Files\Java\jdk1.8.0_192\jre\bin\nio.dll
0x00007ffa9f6b0000 - 0x00007ffa9f6bd000 	C:\Program Files\Java\jdk1.8.0_192\jre\bin\management.dll

VM Arguments:
jvm_args: -ea -Didea.test.cyclic.buffer.size=1048576 -javaagent:F:\IntelliJ IDEA 2018.3.4\lib\idea_rt.jar=53216:F:\IntelliJ IDEA 2018.3.4\bin -Dfile.encoding=UTF-8 
java_command: com.intellij.rt.execution.junit.JUnitStarter -ideVersion5 -junit4 com.nuc.exam.service.impl.GradeServiceImplTest,selectByStudentNumber
java_class_path (initial): F:\IntelliJ IDEA 2018.3.4\lib\idea_rt.jar;F:\IntelliJ IDEA 2018.3.4\plugins\junit\lib\junit-rt.jar;F:\IntelliJ IDEA 2018.3.4\plugins\junit\lib\junit5-rt.jar;C:\Program Files\Java\jdk1.8.0_192\jre\lib\charsets.jar;C:\Program Files\Java\jdk1.8.0_192\jre\lib\deploy.jar;C:\Program Files\Java\jdk1.8.0_192\jre\lib\ext\access-bridge-64.jar;C:\Program Files\Java\jdk1.8.0_192\jre\lib\ext\cldrdata.jar;C:\Program Files\Java\jdk1.8.0_192\jre\lib\ext\dnsns.jar;C:\Program Files\Java\jdk1.8.0_192\jre\lib\ext\jaccess.jar;C:\Program Files\Java\jdk1.8.0_192\jre\lib\ext\jfxrt.jar;C:\Program Files\Java\jdk1.8.0_192\jre\lib\ext\localedata.jar;C:\Program Files\Java\jdk1.8.0_192\jre\lib\ext\nashorn.jar;C:\Program Files\Java\jdk1.8.0_192\jre\lib\ext\sunec.jar;C:\Program Files\Java\jdk1.8.0_192\jre\lib\ext\sunjce_provider.jar;C:\Program Files\Java\jdk1.8.0_192\jre\lib\ext\sunmscapi.jar;C:\Program Files\Java\jdk1.8.0_192\jre\lib\ext\sunpkcs11.jar;C:\Program Files\Java\jdk1.8.0_192\jre\lib\ext\zipfs.jar;C:\Program Files\Java\jdk1.8.0_192\jre\lib\javaws.jar;C:\Program Files\Java\jdk1.8.0_192\jre\lib\jce.jar;C:\Program Files\Java\jdk1.8.0_192\jre\lib\jfr.jar;C:\Program Files\Java\jdk1.8.0_192\jre\lib\jfxswt.jar;C:\Program Files\Java\jdk1.8.0_192\jre\lib\jsse.jar;C:\Program Files\Java\jdk1.8.0_192\jre\lib\management-agent.jar;C:\Program Files\Java\jdk1.8.0_192\jre\lib\plugin.jar;C:\Program Files\Java\jdk1.8.0_192\jre\lib\resources.jar;C:\Program Files\Java\jdk1.8.0_192\jre\lib\rt.jar;F:\Javaweb\online_exam\target\test-classes;F:\Javaweb\online_exam\target\classes;C:\Users\Ally\.m2\repository\junit\junit\4.11\junit-4.11.jar;C:\Users\Ally\.m2\repository\org\hamcrest\hamcrest-core\1.3\hamcrest-core-1.3.jar;C:\Users\Ally\.m2\repository\org\slf4j\slf4j-api\1.7.26\slf4j-api-1.7.26.jar;C:\Users\Ally\.m2\repository\ch\qos\logback\logback-core\1.2.3\logback-core-1.2.3.jar;C:\Users\Ally\.m2\repository\ch\qos\logback\logback-classic\1.2.3\logback-classic-1.2.3.jar;C:\Users\Ally
Launcher Type: SUN_STANDARD

Environment Variables:
JAVA_HOME=C:\Program Files\Java\jdk1.8.0_192
CLASSPATH=.;C:\Program Files\Java\jdk1.8.0_192\lib\dt.jar;C:\Program Files\Java\jdk1.8.0_192\lib\tools.jar;
PATH=C:\Program Files (x86)\Common Files\Oracle\Java\javapath;C:\Program Files\Java\jdk1.8.0_192\bin;C:\Program Files\Java\jdk1.8.0_192\jre\bin;C:\Program Files (x86)\Intel\iCLS Client\;C:\Program Files\Intel\iCLS Client\;C:\Windows\system32;C:\Windows;C:\Windows\System32\Wbem;C:\Windows\System32\WindowsPowerShell\v1.0\;C:\Program Files (x86)\NVIDIA Corporation\PhysX\Common;C:\WINDOWS\system32;C:\WINDOWS;C:\WINDOWS\System32\Wbem;C:\WINDOWS\System32\WindowsPowerShell\v1.0\;C:\Program Files (x86)\Intel\Intel(R) Management Engine Components\DAL;C:\Program Files\Intel\Intel(R) Management Engine Components\DAL;C:\Program Files (x86)\Intel\Intel(R) Management Engine Components\IPT;C:\Program Files\Intel\Intel(R) Management Engine Components\IPT;D:\apache-tomcat-7.0.92-windows-x64\apache-tomcat-7.0.92;C:\WINDOWS\System32\OpenSSH\;F:\MongoDB\bin;C:\Program Files\Git\cmd;F:\ANACONDA\Scripts;E:\node.js\;E:\maven\apache-maven-3.6.0\bin;E:\Redis;C:\Program Files\MySQL\MySQL Server 5.7\bin;E:\htmltopdf\wkhtmltopdf\bin;C:\Users\Ally\AppData\Local\Programs\Python\Python36-32\Scripts\;C:\Users\Ally\AppData\Local\Programs\Python\Python36-32\;C:\Users\Ally\AppData\Local\Microsoft\WindowsApps;C:\Users\Ally\AppData\Local\GitHubDesktop\bin;C:\Users\Ally\AppData\Local\Microsoft\WindowsApps;C:\Users\Ally\AppData\Roaming\npm;E:\vscode\Microsoft VS Code\bin;E:\IntelliJ IDEA\IntelliJ IDEA Community Edition 2018.3.4\bin;
USERNAME=Ally
OS=Windows_NT
PROCESSOR_IDENTIFIER=Intel64 Family 6 Model 158 Stepping 9, GenuineIntel



---------------  S Y S T E M  ---------------

OS: Windows 10.0 , 64 bit Build 17134 (10.0.17134.706)

CPU:total 4 (initial active 4) (4 cores per cpu, 1 threads per core) family 6 model 158 stepping 9, cmov, cx8, fxsr, mmx, sse, sse2, sse3, ssse3, sse4.1, sse4.2, popcnt, avx, avx2, aes, clmul, erms, 3dnowpref, lzcnt, tsc, tscinvbit, bmi1, bmi2, adx

Memory: 4k page, physical 8278180k(2468372k free), swap 16142496k(3152k free)

vm_info: Java HotSpot(TM) 64-Bit Server VM (25.192-b12) for windows-amd64 JRE (1.8.0_192-b12), built on Oct  6 2018 17:12:23 by "java_re" with MS VC++ 10.0 (VS2010)

time: Thu May 16 19:20:23 2019
timezone: 中国标准时间
elapsed time: 3 seconds (0d 0h 0m 3s)

